Using pre-set license
Built from '6000.0/staging' branch; Version is '6000.0.39f1 (15ea7ed0b100) revision 1436286'; Using compiler version '193933523'; Build Type 'Release'
OS: 'Windows 11  (10.0.26200) 64bit Professional' Language: 'hu' Physical Memory: 16078 MB
BatchMode: 1, IsHumanControllingUs: 0, StartBugReporterOnCrash: 0, Is64bit: 1, IsPro: 1

COMMAND LINE ARGUMENTS:
C:\Program Files\Unity\Hub\Editor\6000.0.39f1\Editor\Unity.exe
-adb2
-batchMode
-noUpm
-name
AssetImportWorker2
-projectPath
C:/Users/Asus2026/Desktop/asdfghjkl/FPS Shooter
-logFile
Logs/AssetImportWorker2.log
-srvPort
58617
-job-worker-count
3
-background-job-worker-count
8
-gc-helper-count
1
Successfully changed project path to: C:/Users/Asus2026/Desktop/asdfghjkl/FPS Shooter
C:/Users/Asus2026/Desktop/asdfghjkl/FPS Shooter
[UnityMemory] Configuration Parameters - Can be set up in boot.config
    "memorysetup-bucket-allocator-granularity=16"
    "memorysetup-bucket-allocator-bucket-count=8"
    "memorysetup-bucket-allocator-block-size=33554432"
    "memorysetup-bucket-allocator-block-count=8"
    "memorysetup-main-allocator-block-size=16777216"
    "memorysetup-thread-allocator-block-size=16777216"
    "memorysetup-gfx-main-allocator-block-size=16777216"
    "memorysetup-gfx-thread-allocator-block-size=16777216"
    "memorysetup-cache-allocator-block-size=4194304"
    "memorysetup-typetree-allocator-block-size=2097152"
    "memorysetup-profiler-bucket-allocator-granularity=16"
    "memorysetup-profiler-bucket-allocator-bucket-count=8"
    "memorysetup-profiler-bucket-allocator-block-size=33554432"
    "memorysetup-profiler-bucket-allocator-block-count=8"
    "memorysetup-profiler-allocator-block-size=16777216"
    "memorysetup-profiler-editor-allocator-block-size=1048576"
    "memorysetup-temp-allocator-size-main=16777216"
    "memorysetup-job-temp-allocator-block-size=2097152"
    "memorysetup-job-temp-allocator-block-size-background=1048576"
    "memorysetup-job-temp-allocator-reduction-small-platforms=262144"
    "memorysetup-allocator-temp-initial-block-size-main=262144"
    "memorysetup-allocator-temp-initial-block-size-worker=262144"
    "memorysetup-temp-allocator-size-background-worker=32768"
    "memorysetup-temp-allocator-size-job-worker=262144"
    "memorysetup-temp-allocator-size-preload-manager=33554432"
    "memorysetup-temp-allocator-size-nav-mesh-worker=65536"
    "memorysetup-temp-allocator-size-audio-worker=65536"
    "memorysetup-temp-allocator-size-cloud-worker=32768"
    "memorysetup-temp-allocator-size-gi-baking-worker=262144"
    "memorysetup-temp-allocator-size-gi-baking-worker=262144"
    "memorysetup-temp-allocator-size-gi-baking-worker=262144"
    "memorysetup-temp-allocator-size-gi-baking-worker=262144"
    "memorysetup-temp-allocator-size-gi-baking-worker=262144"
    "memorysetup-temp-allocator-size-gfx=262144"
Player connection [9748]  Target information:

Player connection [9748]  * "[IP] 192.168.56.1 [Port] 0 [Flags] 2 [Guid] 4269584547 [EditorId] 4269584547 [Version] 1048832 [Id] WindowsEditor(7,Asus-4) [Debug] 1 [PackageName] WindowsEditor [ProjectName] Editor" 

Player connection [9748]  * "[IP] 172.25.80.1 [Port] 0 [Flags] 2 [Guid] 4269584547 [EditorId] 4269584547 [Version] 1048832 [Id] WindowsEditor(7,Asus-4) [Debug] 1 [PackageName] WindowsEditor [ProjectName] Editor" 

Player connection [9748]  * "[IP] 192.168.1.68 [Port] 0 [Flags] 2 [Guid] 4269584547 [EditorId] 4269584547 [Version] 1048832 [Id] WindowsEditor(7,Asus-4) [Debug] 1 [PackageName] WindowsEditor [ProjectName] Editor" 

Player connection [9748] Host joined multi-casting on [225.0.0.222:54997]...
Player connection [9748] Host joined alternative multi-casting on [225.0.0.222:34997]...
JobSystem: Creating JobQueue using job-worker-count value 3
Input System module state changed to: Initialized.
[Physics::Module] Initialized fallback backend.
[Physics::Module] Id: 0xdecafbad
Library Redirect Path: Library/
[Physics::Module] Selected backend.
[Physics::Module] Name: PhysX
[Physics::Module] Id: 0xf2b8ea05
[Physics::Module] SDK Version: 4.1.2
[Physics::Module] Integration Version: 1.0.0
[Physics::Module] Threading Mode: Multi-Threaded
Refreshing native plugins compatible for Editor in 2.12 ms, found 3 plugins.
Preloading 0 native plugins for Editor in 0.00 ms.
Initialize engine version: 6000.0.39f1 (15ea7ed0b100)
[Subsystems] Discovering subsystems at path C:/Program Files/Unity/Hub/Editor/6000.0.39f1/Editor/Data/Resources/UnitySubsystems
[Subsystems] Discovering subsystems at path C:/Users/Asus2026/Desktop/asdfghjkl/FPS Shooter/Assets
GfxDevice: creating device client; kGfxThreadingModeNonThreaded
Direct3D:
    Version:  Direct3D 11.0 [level 11.1]
    Renderer: Intel(R) Iris(R) Xe Graphics (ID=0x9a49)
    Vendor:   Intel
    VRAM:     8039 MB
    Driver:   31.0.101.4255
Initialize mono
Mono path[0] = 'C:/Program Files/Unity/Hub/Editor/6000.0.39f1/Editor/Data/Managed'
Mono path[1] = 'C:/Program Files/Unity/Hub/Editor/6000.0.39f1/Editor/Data/MonoBleedingEdge/lib/mono/unityjit-win32'
Mono config path = 'C:/Program Files/Unity/Hub/Editor/6000.0.39f1/Editor/Data/MonoBleedingEdge/etc'
Using monoOptions --debugger-agent=transport=dt_socket,embedding=1,server=y,suspend=n,address=127.0.0.1:56236
Begin MonoManager ReloadAssembly
Registering precompiled unity dll's ...
Register platform support module: C:/Program Files/Unity/Hub/Editor/6000.0.39f1/Editor/Data/PlaybackEngines/MacStandaloneSupport/UnityEditor.OSXStandalone.Extensions.dll
Register platform support module: C:/Program Files/Unity/Hub/Editor/6000.0.39f1/Editor/Data/PlaybackEngines/WindowsStandaloneSupport/UnityEditor.WindowsStandalone.Extensions.dll
Register platform support module: C:/Program Files/Unity/Hub/Editor/6000.0.39f1/Editor/Data/PlaybackEngines/MetroSupport/UnityEditor.UWP.Extensions.dll
Registered in 0.006300 seconds.
- Loaded All Assemblies, in  0.528 seconds
Native extension for UWP target not found
Native extension for WindowsStandalone target not found
Native extension for OSXStandalone target not found
Mono: successfully reloaded assembly
- Finished resetting the current domain, in  0.561 seconds
Domain Reload Profiling: 1087ms
	BeginReloadAssembly (182ms)
		ExecutionOrderSort (0ms)
		DisableScriptedObjects (0ms)
		BackupInstance (0ms)
		ReleaseScriptingObjects (0ms)
		CreateAndSetChildDomain (1ms)
	RebuildCommonClasses (41ms)
	RebuildNativeTypeToScriptingClass (15ms)
	initialDomainReloadingComplete (75ms)
	LoadAllAssembliesAndSetupDomain (212ms)
		LoadAssemblies (180ms)
		RebuildTransferFunctionScriptingTraits (0ms)
		AnalyzeDomain (207ms)
			TypeCache.Refresh (205ms)
				TypeCache.ScanAssembly (185ms)
			BuildScriptInfoCaches (0ms)
			ResolveRequiredComponents (1ms)
	FinalizeReload (562ms)
		ReleaseScriptCaches (0ms)
		RebuildScriptCaches (0ms)
		SetupLoadedEditorAssemblies (508ms)
			LogAssemblyErrors (0ms)
			InitializePlatformSupportModulesInManaged (121ms)
			SetLoadedEditorAssemblies (6ms)
			BeforeProcessingInitializeOnLoad (72ms)
			ProcessInitializeOnLoadAttributes (214ms)
			ProcessInitializeOnLoadMethodAttributes (94ms)
			AfterProcessingInitializeOnLoad (0ms)
			EditorAssembliesLoaded (0ms)
		ExecutionOrderSort2 (0ms)
		AwakeInstancesAfterBackupRestoration (0ms)
========================================================================
Worker process is ready to serve import requests
Import Worker Mode flag is 0x00
Begin MonoManager ReloadAssembly
- Loaded All Assemblies, in  1.131 seconds
Refreshing native plugins compatible for Editor in 1.75 ms, found 3 plugins.
Native extension for UWP target not found
Native extension for WindowsStandalone target not found
Native extension for OSXStandalone target not found
[MODES] ModeService[none].Initialize
[MODES] ModeService[none].LoadModes
[MODES] Loading mode Default (0) for mode-current-id-combatmaster
Mono: successfully reloaded assembly
- Finished resetting the current domain, in  1.152 seconds
Domain Reload Profiling: 2278ms
	BeginReloadAssembly (250ms)
		ExecutionOrderSort (0ms)
		DisableScriptedObjects (9ms)
		BackupInstance (0ms)
		ReleaseScriptingObjects (0ms)
		CreateAndSetChildDomain (39ms)
	RebuildCommonClasses (48ms)
	RebuildNativeTypeToScriptingClass (15ms)
	initialDomainReloadingComplete (51ms)
	LoadAllAssembliesAndSetupDomain (763ms)
		LoadAssemblies (531ms)
		RebuildTransferFunctionScriptingTraits (0ms)
		AnalyzeDomain (396ms)
			TypeCache.Refresh (304ms)
				TypeCache.ScanAssembly (277ms)
			BuildScriptInfoCaches (68ms)
			ResolveRequiredComponents (20ms)
	FinalizeReload (1152ms)
		ReleaseScriptCaches (0ms)
		RebuildScriptCaches (0ms)
		SetupLoadedEditorAssemblies (938ms)
			LogAssemblyErrors (0ms)
			InitializePlatformSupportModulesInManaged (19ms)
			SetLoadedEditorAssemblies (7ms)
			BeforeProcessingInitializeOnLoad (161ms)
			ProcessInitializeOnLoadAttributes (623ms)
			ProcessInitializeOnLoadMethodAttributes (124ms)
			AfterProcessingInitializeOnLoad (5ms)
			EditorAssembliesLoaded (0ms)
		ExecutionOrderSort2 (0ms)
		AwakeInstancesAfterBackupRestoration (7ms)
Launched and connected shader compiler UnityShaderCompiler.exe after 0.02 seconds
Refreshing native plugins compatible for Editor in 1.37 ms, found 3 plugins.
Preloading 0 native plugins for Editor in 0.00 ms.
Unloading 219 Unused Serialized files (Serialized files now loaded: 0)
Unloading 6505 unused Assets / (5.8 MB). Loaded Objects now: 7232.
Memory consumption went from 174.4 MB to 168.6 MB.
Total: 13.442800 ms (FindLiveObjects: 1.047200 ms CreateObjectMapping: 1.120800 ms MarkObjects: 6.261000 ms  DeleteObjects: 5.010500 ms)

========================================================================
Received Import Request.
  Time since last request: 5580.807305 seconds.
  path: Assets/LowPolyFPS4/Prefabs/Props/Sand_01.prefab
  artifactKey: Guid(9dd3689226a900f4fa79946665824003) Importer(815301076,1909f56bfc062723c751e8b465ee728b)
Start importing Assets/LowPolyFPS4/Prefabs/Props/Sand_01.prefab using Guid(9dd3689226a900f4fa79946665824003) Importer(815301076,1909f56bfc062723c751e8b465ee728b) (PreviewImporter) -> (artifact id: '61e3b761179213f2e608105f82975551') in 0.6448333 seconds
Number of updated asset objects reloaded before import = 0Number of asset objects unloaded after import = 10

========================================================================
Received Import Request.
  Time since last request: 0.000044 seconds.
  path: Assets/LowPolyFPS4/Prefabs/Props/PostBox_02.prefab
  artifactKey: Guid(a79913cc0a79fb74baf10f9789514163) Importer(815301076,1909f56bfc062723c751e8b465ee728b)
Start importing Assets/LowPolyFPS4/Prefabs/Props/PostBox_02.prefab using Guid(a79913cc0a79fb74baf10f9789514163) Importer(815301076,1909f56bfc062723c751e8b465ee728b) (PreviewImporter) -> (artifact id: '3d06ce86ffb908b0bad61b25a9b8d59c') in 0.0293654 seconds
Number of updated asset objects reloaded before import = 0Number of asset objects unloaded after import = 10

========================================================================
Received Import Request.
  Time since last request: 0.000068 seconds.
  path: Assets/LowPolyFPS4/Prefabs/Props/ShootingTarget_03.prefab
  artifactKey: Guid(2c11bcd620a84d24dbaec58c287c40dc) Importer(815301076,1909f56bfc062723c751e8b465ee728b)
Start importing Assets/LowPolyFPS4/Prefabs/Props/ShootingTarget_03.prefab using Guid(2c11bcd620a84d24dbaec58c287c40dc) Importer(815301076,1909f56bfc062723c751e8b465ee728b) (PreviewImporter) -> (artifact id: '9e3ce1e00d455d46272d6f1b30a663b3') in 0.0404931 seconds
Number of updated asset objects reloaded before import = 0Number of asset objects unloaded after import = 10

========================================================================
Received Import Request.
  Time since last request: 0.000034 seconds.
  path: Assets/LowPolyFPS4/Prefabs/Props/Pallet_02.prefab
  artifactKey: Guid(fa4f973935398ae4f8e10e4aa491d4aa) Importer(815301076,1909f56bfc062723c751e8b465ee728b)
Start importing Assets/LowPolyFPS4/Prefabs/Props/Pallet_02.prefab using Guid(fa4f973935398ae4f8e10e4aa491d4aa) Importer(815301076,1909f56bfc062723c751e8b465ee728b) (PreviewImporter) -> (artifact id: 'bbd1c7c1e7d1c46b3fe4ca09621115f5') in 0.0264135 seconds
Number of updated asset objects reloaded before import = 0Number of asset objects unloaded after import = 10

========================================================================
Received Import Request.
  Time since last request: 0.000034 seconds.
  path: Assets/LowPolyFPS4/Prefabs/Props/Rack_04.prefab
  artifactKey: Guid(682e43300cd010845b8f441b5f2fa6e5) Importer(815301076,1909f56bfc062723c751e8b465ee728b)
Start importing Assets/LowPolyFPS4/Prefabs/Props/Rack_04.prefab using Guid(682e43300cd010845b8f441b5f2fa6e5) Importer(815301076,1909f56bfc062723c751e8b465ee728b) (PreviewImporter) -> (artifact id: 'f58039e44b160922282ed8b4e3cdfb43') in 0.0304535 seconds
Number of updated asset objects reloaded before import = 0Number of asset objects unloaded after import = 126

========================================================================
Received Import Request.
  Time since last request: 0.000036 seconds.
  path: Assets/LowPolyFPS4/Prefabs/Props/WoodenPlank_02.prefab
  artifactKey: Guid(f0581a7d7175a8e409f09da6c7fba6a1) Importer(815301076,1909f56bfc062723c751e8b465ee728b)
Start importing Assets/LowPolyFPS4/Prefabs/Props/WoodenPlank_02.prefab using Guid(f0581a7d7175a8e409f09da6c7fba6a1) Importer(815301076,1909f56bfc062723c751e8b465ee728b) (PreviewImporter) -> (artifact id: '21806e46b0dc1b71bcc663229805fd4d') in 0.0431522 seconds
Number of updated asset objects reloaded before import = 0Number of asset objects unloaded after import = 10

========================================================================
Received Import Request.
  Time since last request: 0.000049 seconds.
  path: Assets/LowPolyFPS4/Prefabs/Props/ShootingTarget_01.prefab
  artifactKey: Guid(f602d7c4a9ed7a049b9f5099c924d007) Importer(815301076,1909f56bfc062723c751e8b465ee728b)
Start importing Assets/LowPolyFPS4/Prefabs/Props/ShootingTarget_01.prefab using Guid(f602d7c4a9ed7a049b9f5099c924d007) Importer(815301076,1909f56bfc062723c751e8b465ee728b) (PreviewImporter) -> (artifact id: '3b1864c30f806067e88e568695277d4d') in 0.0391412 seconds
Number of updated asset objects reloaded before import = 0Number of asset objects unloaded after import = 10

========================================================================
Received Import Request.
  Time since last request: 0.000043 seconds.
  path: Assets/LowPolyFPS4/Prefabs/Props/AmoBox_01.prefab
  artifactKey: Guid(e7761dd525940d84981ff84519760892) Importer(815301076,1909f56bfc062723c751e8b465ee728b)
Start importing Assets/LowPolyFPS4/Prefabs/Props/AmoBox_01.prefab using Guid(e7761dd525940d84981ff84519760892) Importer(815301076,1909f56bfc062723c751e8b465ee728b) (PreviewImporter) -> (artifact id: '97d0ff85f0efcadcb62f47dc1faad755') in 0.0416993 seconds
Number of updated asset objects reloaded before import = 0Number of asset objects unloaded after import = 22

========================================================================
Received Import Request.
  Time since last request: 0.000037 seconds.
  path: Assets/LowPolyFPS4/Prefabs/Props/Pallet_05.prefab
  artifactKey: Guid(d1cfed935124eb146ba871d0756ded44) Importer(815301076,1909f56bfc062723c751e8b465ee728b)
Start importing Assets/LowPolyFPS4/Prefabs/Props/Pallet_05.prefab using Guid(d1cfed935124eb146ba871d0756ded44) Importer(815301076,1909f56bfc062723c751e8b465ee728b) (PreviewImporter) -> (artifact id: '035a62c902635934b9f750696ea47001') in 0.0438453 seconds
Number of updated asset objects reloaded before import = 0Number of asset objects unloaded after import = 41

========================================================================
Received Import Request.
  Time since last request: 0.000061 seconds.
  path: Assets/LowPolyFPS4/Prefabs/Props/Light_05.prefab
  artifactKey: Guid(637b4625204e7bf4b9744f9ec8cbef35) Importer(815301076,1909f56bfc062723c751e8b465ee728b)
Start importing Assets/LowPolyFPS4/Prefabs/Props/Light_05.prefab using Guid(637b4625204e7bf4b9744f9ec8cbef35) Importer(815301076,1909f56bfc062723c751e8b465ee728b) (PreviewImporter) -> (artifact id: '1d1562163cc1c08f15516935712f988b') in 6.099788 seconds
Number of updated asset objects reloaded before import = 0Number of asset objects unloaded after import = 10

========================================================================
Received Import Request.
  Time since last request: 163.931024 seconds.
  path: Assets/LowPolyFPS6/Prefabs/Walls/Brick_01.prefab
  artifactKey: Guid(51027864a53bb754d930f6adaea50a46) Importer(815301076,1909f56bfc062723c751e8b465ee728b)
Start importing Assets/LowPolyFPS6/Prefabs/Walls/Brick_01.prefab using Guid(51027864a53bb754d930f6adaea50a46) Importer(815301076,1909f56bfc062723c751e8b465ee728b) (PreviewImporter) -> (artifact id: '7d827c66ed5c1a9c6d180a3493ecda0d') in 0.0201441 seconds
Number of updated asset objects reloaded before import = 0Number of asset objects unloaded after import = 10

========================================================================
Received Import Request.
  Time since last request: 0.000032 seconds.
  path: Assets/LowPolyFPS6/Prefabs/Walls/Brick_03.prefab
  artifactKey: Guid(cb3e54d300d22584f9a2103d0a5adde9) Importer(815301076,1909f56bfc062723c751e8b465ee728b)
Start importing Assets/LowPolyFPS6/Prefabs/Walls/Brick_03.prefab using Guid(cb3e54d300d22584f9a2103d0a5adde9) Importer(815301076,1909f56bfc062723c751e8b465ee728b) (PreviewImporter) -> (artifact id: '7ed716775311c7ae70fd6cdc9f314d06') in 0.0245521 seconds
Number of updated asset objects reloaded before import = 0Number of asset objects unloaded after import = 10

========================================================================
Received Import Request.
  Time since last request: 0.000036 seconds.
  path: Assets/LowPolyFPS6/Prefabs/Walls/Floor_04.prefab
  artifactKey: Guid(cc53d7366d7987f459dfaec58ac88b87) Importer(815301076,1909f56bfc062723c751e8b465ee728b)
Start importing Assets/LowPolyFPS6/Prefabs/Walls/Floor_04.prefab using Guid(cc53d7366d7987f459dfaec58ac88b87) Importer(815301076,1909f56bfc062723c751e8b465ee728b) (PreviewImporter) -> (artifact id: '4369bced28f957dbcf83e1a29ca001c6') in 0.0305895 seconds
Number of updated asset objects reloaded before import = 0Number of asset objects unloaded after import = 10

========================================================================
Received Import Request.
  Time since last request: 0.000030 seconds.
  path: Assets/LowPolyFPS6/Prefabs/Walls/Wall_03.prefab
  artifactKey: Guid(5404f4937b3e39d4791d9a2892cfebe1) Importer(815301076,1909f56bfc062723c751e8b465ee728b)
Start importing Assets/LowPolyFPS6/Prefabs/Walls/Wall_03.prefab using Guid(5404f4937b3e39d4791d9a2892cfebe1) Importer(815301076,1909f56bfc062723c751e8b465ee728b) (PreviewImporter) -> (artifact id: '52e3c4e955dc328fc10e2710b533f54f') in 0.0246312 seconds
Number of updated asset objects reloaded before import = 0Number of asset objects unloaded after import = 10

========================================================================
Received Import Request.
  Time since last request: 0.000033 seconds.
  path: Assets/LowPolyFPS6/Prefabs/Walls/WallCorner_03.prefab
  artifactKey: Guid(952bc0399408941419d29fde86e1a73e) Importer(815301076,1909f56bfc062723c751e8b465ee728b)
Start importing Assets/LowPolyFPS6/Prefabs/Walls/WallCorner_03.prefab using Guid(952bc0399408941419d29fde86e1a73e) Importer(815301076,1909f56bfc062723c751e8b465ee728b) (PreviewImporter) -> (artifact id: 'a4e386a792380fd10bb3ed30165bd6f6') in 0.0334077 seconds
Number of updated asset objects reloaded before import = 0Number of asset objects unloaded after import = 10

========================================================================
Received Import Request.
  Time since last request: 0.000051 seconds.
  path: Assets/LowPolyFPS6/Prefabs/Walls/WallPart_01.prefab
  artifactKey: Guid(1eff877343d882b4e94c6f5237bbff8f) Importer(815301076,1909f56bfc062723c751e8b465ee728b)
Start importing Assets/LowPolyFPS6/Prefabs/Walls/WallPart_01.prefab using Guid(1eff877343d882b4e94c6f5237bbff8f) Importer(815301076,1909f56bfc062723c751e8b465ee728b) (PreviewImporter) -> (artifact id: 'c4cbc02cd23a5516ab99e519dd6e3ac4') in 0.0359754 seconds
Number of updated asset objects reloaded before import = 0Number of asset objects unloaded after import = 10

========================================================================
Received Import Request.
  Time since last request: 0.000029 seconds.
  path: Assets/LowPolyFPS6/Prefabs/Walls/WallCorner_01.prefab
  artifactKey: Guid(5e9e947bdde250b43a07f9f2c107ead8) Importer(815301076,1909f56bfc062723c751e8b465ee728b)
Start importing Assets/LowPolyFPS6/Prefabs/Walls/WallCorner_01.prefab using Guid(5e9e947bdde250b43a07f9f2c107ead8) Importer(815301076,1909f56bfc062723c751e8b465ee728b) (PreviewImporter) -> (artifact id: 'd83ab1962eb3b834a9b5d10dcabc8d86') in 0.0250024 seconds
Number of updated asset objects reloaded before import = 0Number of asset objects unloaded after import = 10

========================================================================
Received Import Request.
  Time since last request: 0.000028 seconds.
  path: Assets/LowPolyFPS6/Prefabs/Walls/Wall_01.prefab
  artifactKey: Guid(ca4eeb9a2eca1d84aa11e073f74aa2f7) Importer(815301076,1909f56bfc062723c751e8b465ee728b)
Start importing Assets/LowPolyFPS6/Prefabs/Walls/Wall_01.prefab using Guid(ca4eeb9a2eca1d84aa11e073f74aa2f7) Importer(815301076,1909f56bfc062723c751e8b465ee728b) (PreviewImporter) -> (artifact id: 'd9a259f02d150544deaa7e9500485698') in 0.0240419 seconds
Number of updated asset objects reloaded before import = 0Number of asset objects unloaded after import = 10

========================================================================
Received Import Request.
  Time since last request: 0.000027 seconds.
  path: Assets/LowPolyFPS6/Prefabs/Props/CementC2_02.prefab
  artifactKey: Guid(f39d4de04cdf90c4b916e006a6bb0218) Importer(815301076,1909f56bfc062723c751e8b465ee728b)
Start importing Assets/LowPolyFPS6/Prefabs/Props/CementC2_02.prefab using Guid(f39d4de04cdf90c4b916e006a6bb0218) Importer(815301076,1909f56bfc062723c751e8b465ee728b) (PreviewImporter) -> (artifact id: '57a0f999b8854474f928a1727e961dc3') in 0.0266382 seconds
Number of updated asset objects reloaded before import = 0Number of asset objects unloaded after import = 10

========================================================================
Received Import Request.
  Time since last request: 0.000041 seconds.
  path: Assets/LowPolyFPS6/Prefabs/Props/Hammer_01.prefab
  artifactKey: Guid(27246ed8948c63c4c9bf30b049b49e9d) Importer(815301076,1909f56bfc062723c751e8b465ee728b)
Start importing Assets/LowPolyFPS6/Prefabs/Props/Hammer_01.prefab using Guid(27246ed8948c63c4c9bf30b049b49e9d) Importer(815301076,1909f56bfc062723c751e8b465ee728b) (PreviewImporter) -> (artifact id: '9e2674adaf7afd0f3db12a37a4fb0076') in 0.0305592 seconds
Number of updated asset objects reloaded before import = 0Number of asset objects unloaded after import = 10

========================================================================
Received Import Request.
  Time since last request: 0.000041 seconds.
  path: Assets/LowPolyFPS6/Prefabs/Props/Pallet_02.prefab
  artifactKey: Guid(c4266efd9f8e6be4faf5086b7a6fedba) Importer(815301076,1909f56bfc062723c751e8b465ee728b)
Start importing Assets/LowPolyFPS6/Prefabs/Props/Pallet_02.prefab using Guid(c4266efd9f8e6be4faf5086b7a6fedba) Importer(815301076,1909f56bfc062723c751e8b465ee728b) (PreviewImporter) -> (artifact id: 'b1a897eee15bfa629837fa8d4027ad5f') in 0.0264829 seconds
Number of updated asset objects reloaded before import = 0Number of asset objects unloaded after import = 337

========================================================================
Received Import Request.
  Time since last request: 0.000029 seconds.
  path: Assets/LowPolyFPS6/Prefabs/Props/TowerCrane_01.prefab
  artifactKey: Guid(ab681806078791f4dabd60385f7c9998) Importer(815301076,1909f56bfc062723c751e8b465ee728b)
Start importing Assets/LowPolyFPS6/Prefabs/Props/TowerCrane_01.prefab using Guid(ab681806078791f4dabd60385f7c9998) Importer(815301076,1909f56bfc062723c751e8b465ee728b) (PreviewImporter) -> (artifact id: '2e101a7a5a205e6c67835c70cabcd4e9') in 0.0235729 seconds
Number of updated asset objects reloaded before import = 0Number of asset objects unloaded after import = 24

========================================================================
Received Import Request.
  Time since last request: 0.000037 seconds.
  path: Assets/LowPolyFPS6/Prefabs/Props/MetalTile_02.prefab
  artifactKey: Guid(d108474f3d134ff4baf75e38f5d45950) Importer(815301076,1909f56bfc062723c751e8b465ee728b)
Start importing Assets/LowPolyFPS6/Prefabs/Props/MetalTile_02.prefab using Guid(d108474f3d134ff4baf75e38f5d45950) Importer(815301076,1909f56bfc062723c751e8b465ee728b) (PreviewImporter) -> (artifact id: '61b16f8d1ba70a69b5979d0cad519093') in 0.0287748 seconds
Number of updated asset objects reloaded before import = 0Number of asset objects unloaded after import = 10

========================================================================
Received Import Request.
  Time since last request: 0.000040 seconds.
  path: Assets/LowPolyFPS6/Prefabs/Props/WallDecor_04.prefab
  artifactKey: Guid(8e47f89df4f9e7e4e887fa2b02ae0e1e) Importer(815301076,1909f56bfc062723c751e8b465ee728b)
Start importing Assets/LowPolyFPS6/Prefabs/Props/WallDecor_04.prefab using Guid(8e47f89df4f9e7e4e887fa2b02ae0e1e) Importer(815301076,1909f56bfc062723c751e8b465ee728b) (PreviewImporter) -> (artifact id: '9a5b8847e79c04dbfa52a082cdb22b88') in 0.0499804 seconds
Number of updated asset objects reloaded before import = 0Number of asset objects unloaded after import = 10

========================================================================
Received Import Request.
  Time since last request: 0.000047 seconds.
  path: Assets/LowPolyFPS6/Prefabs/Props/WallDecor_08.prefab
  artifactKey: Guid(f3e0b5065b8e61a4887fd6953a80c2b3) Importer(815301076,1909f56bfc062723c751e8b465ee728b)
Start importing Assets/LowPolyFPS6/Prefabs/Props/WallDecor_08.prefab using Guid(f3e0b5065b8e61a4887fd6953a80c2b3) Importer(815301076,1909f56bfc062723c751e8b465ee728b) (PreviewImporter) -> (artifact id: 'd9c71d0ce4c504ef22deed68f8bb3694') in 0.0519171 seconds
Number of updated asset objects reloaded before import = 0Number of asset objects unloaded after import = 10

========================================================================
Received Import Request.
  Time since last request: 0.000061 seconds.
  path: Assets/LowPolyFPS6/Prefabs/Props/WoodenPlank_05.prefab
  artifactKey: Guid(52e4ebcc1a6f3cd44b8acde8a6eee528) Importer(815301076,1909f56bfc062723c751e8b465ee728b)
Start importing Assets/LowPolyFPS6/Prefabs/Props/WoodenPlank_05.prefab using Guid(52e4ebcc1a6f3cd44b8acde8a6eee528) Importer(815301076,1909f56bfc062723c751e8b465ee728b) (PreviewImporter) -> (artifact id: '070a5321b54ea263e4e3b5749a721c55') in 0.0397977 seconds
Number of updated asset objects reloaded before import = 0Number of asset objects unloaded after import = 10

========================================================================
Received Import Request.
  Time since last request: 0.000049 seconds.
  path: Assets/LowPolyFPS6/Prefabs/Props/WallDecor_02.prefab
  artifactKey: Guid(7bc90ee999b51794aa471cce2dda7760) Importer(815301076,1909f56bfc062723c751e8b465ee728b)
Start importing Assets/LowPolyFPS6/Prefabs/Props/WallDecor_02.prefab using Guid(7bc90ee999b51794aa471cce2dda7760) Importer(815301076,1909f56bfc062723c751e8b465ee728b) (PreviewImporter) -> (artifact id: '231e658a7d46cbde92ef26db1801d158') in 0.0401517 seconds
Number of updated asset objects reloaded before import = 0Number of asset objects unloaded after import = 11

========================================================================
Received Import Request.
  Time since last request: 0.000036 seconds.
  path: Assets/LowPolyFPS6/Prefabs/Props/WallDecor_07.prefab
  artifactKey: Guid(a6dd64caf8282b148b3460d69ac4edd7) Importer(815301076,1909f56bfc062723c751e8b465ee728b)
Start importing Assets/LowPolyFPS6/Prefabs/Props/WallDecor_07.prefab using Guid(a6dd64caf8282b148b3460d69ac4edd7) Importer(815301076,1909f56bfc062723c751e8b465ee728b) (PreviewImporter) -> (artifact id: 'c9f44f9913ea5cbb007fcf817d8cf1a4') in 0.0333906 seconds
Number of updated asset objects reloaded before import = 0Number of asset objects unloaded after import = 10

========================================================================
Received Import Request.
  Time since last request: 0.000035 seconds.
  path: Assets/LowPolyFPS6/Prefabs/Walls/Wall_02.prefab
  artifactKey: Guid(998f267a8a96bdd4489c02aad322418d) Importer(815301076,1909f56bfc062723c751e8b465ee728b)
Start importing Assets/LowPolyFPS6/Prefabs/Walls/Wall_02.prefab using Guid(998f267a8a96bdd4489c02aad322418d) Importer(815301076,1909f56bfc062723c751e8b465ee728b) (PreviewImporter) -> (artifact id: '7025b0075b4b64e2c5899fca6b1e26fe') in 0.0411312 seconds
Number of updated asset objects reloaded before import = 0Number of asset objects unloaded after import = 10

========================================================================
Received Import Request.
  Time since last request: 0.000063 seconds.
  path: Assets/LowPolyFPS6/Prefabs/Props/CementC1_01.prefab
  artifactKey: Guid(9773eae02c422264982c3c04796a3f43) Importer(815301076,1909f56bfc062723c751e8b465ee728b)
Start importing Assets/LowPolyFPS6/Prefabs/Props/CementC1_01.prefab using Guid(9773eae02c422264982c3c04796a3f43) Importer(815301076,1909f56bfc062723c751e8b465ee728b) (PreviewImporter) -> (artifact id: 'ec110e314995cf89acc9919606b025d8') in 0.0327073 seconds
Number of updated asset objects reloaded before import = 0Number of asset objects unloaded after import = 10

========================================================================
Received Import Request.
  Time since last request: 0.000036 seconds.
  path: Assets/LowPolyFPS6/Prefabs/Walls/Wall_09.prefab
  artifactKey: Guid(0872c2534cf984e4ca3d339e8c6e89ee) Importer(815301076,1909f56bfc062723c751e8b465ee728b)
Start importing Assets/LowPolyFPS6/Prefabs/Walls/Wall_09.prefab using Guid(0872c2534cf984e4ca3d339e8c6e89ee) Importer(815301076,1909f56bfc062723c751e8b465ee728b) (PreviewImporter) -> (artifact id: '575fd150ab1504325fa16a0e01780558') in 0.026124 seconds
Number of updated asset objects reloaded before import = 0Number of asset objects unloaded after import = 13

========================================================================
Received Import Request.
  Time since last request: 0.000038 seconds.
  path: Assets/LowPolyFPS6/Prefabs/Walls/Wall_05.prefab
  artifactKey: Guid(e4bf194fad70d6443a1b3910920d9982) Importer(815301076,1909f56bfc062723c751e8b465ee728b)
Start importing Assets/LowPolyFPS6/Prefabs/Walls/Wall_05.prefab using Guid(e4bf194fad70d6443a1b3910920d9982) Importer(815301076,1909f56bfc062723c751e8b465ee728b) (PreviewImporter) -> (artifact id: 'dc3c8a1ed9503c463d01cc072d6a19d9') in 4.9598957 seconds
Number of updated asset objects reloaded before import = 0Number of asset objects unloaded after import = 16

========================================================================
Received Import Request.
  Time since last request: 3.334972 seconds.
  path: Assets/LowPolyFPS5/Prefabs/Trains/Railway_01.prefab
  artifactKey: Guid(3ba353f56c6896047b0b361406fca106) Importer(815301076,1909f56bfc062723c751e8b465ee728b)
Start importing Assets/LowPolyFPS5/Prefabs/Trains/Railway_01.prefab using Guid(3ba353f56c6896047b0b361406fca106) Importer(815301076,1909f56bfc062723c751e8b465ee728b) (PreviewImporter) -> (artifact id: 'cb19d65a2bf86656484d553f033ddf36') in 0.0182819 seconds
Number of updated asset objects reloaded before import = 0Number of asset objects unloaded after import = 10

========================================================================
Received Import Request.
  Time since last request: 0.000035 seconds.
  path: Assets/LowPolyFPS5/Prefabs/Trains/RailwayPart_01.prefab
  artifactKey: Guid(38dde43e9654d1440b671ae6085846a1) Importer(815301076,1909f56bfc062723c751e8b465ee728b)
Start importing Assets/LowPolyFPS5/Prefabs/Trains/RailwayPart_01.prefab using Guid(38dde43e9654d1440b671ae6085846a1) Importer(815301076,1909f56bfc062723c751e8b465ee728b) (PreviewImporter) -> (artifact id: '4d977afb3c284e1ea68c25bd82685fd7') in 0.0222312 seconds
Number of updated asset objects reloaded before import = 0Number of asset objects unloaded after import = 10

========================================================================
Received Import Request.
  Time since last request: 0.000030 seconds.
  path: Assets/LowPolyFPS5/Prefabs/Trains/Train_02_C2.prefab
  artifactKey: Guid(ee7565ca2dd5d0846b510d8cc5dde642) Importer(815301076,1909f56bfc062723c751e8b465ee728b)
Start importing Assets/LowPolyFPS5/Prefabs/Trains/Train_02_C2.prefab using Guid(ee7565ca2dd5d0846b510d8cc5dde642) Importer(815301076,1909f56bfc062723c751e8b465ee728b) (PreviewImporter) -> (artifact id: 'ce3952f5775f48829fa46ef63db0c462') in 0.0189498 seconds
Number of updated asset objects reloaded before import = 0Number of asset objects unloaded after import = 12

========================================================================
Received Import Request.
  Time since last request: 0.000032 seconds.
  path: Assets/LowPolyFPS5/Prefabs/Trains/Train_06_C2.prefab
  artifactKey: Guid(4db7b5e4b015b244ba62c887f59c9a07) Importer(815301076,1909f56bfc062723c751e8b465ee728b)
Start importing Assets/LowPolyFPS5/Prefabs/Trains/Train_06_C2.prefab using Guid(4db7b5e4b015b244ba62c887f59c9a07) Importer(815301076,1909f56bfc062723c751e8b465ee728b) (PreviewImporter) -> (artifact id: 'eefc60f6e81d03be0dc6177847cbcb9c') in 0.0318947 seconds
Number of updated asset objects reloaded before import = 0Number of asset objects unloaded after import = 25

========================================================================
Received Import Request.
  Time since last request: 0.000047 seconds.
  path: Assets/LowPolyFPS5/Prefabs/Trains/Train_07_C1.prefab
  artifactKey: Guid(c0e9d3ae593c58545a3956164f345c37) Importer(815301076,1909f56bfc062723c751e8b465ee728b)
Start importing Assets/LowPolyFPS5/Prefabs/Trains/Train_07_C1.prefab using Guid(c0e9d3ae593c58545a3956164f345c37) Importer(815301076,1909f56bfc062723c751e8b465ee728b) (PreviewImporter) -> (artifact id: '730282df7c6203eba303474ebae0e04c') in 0.0286977 seconds
Number of updated asset objects reloaded before import = 0Number of asset objects unloaded after import = 24

========================================================================
Received Import Request.
  Time since last request: 0.000043 seconds.
  path: Assets/LowPolyFPS5/Prefabs/Trains/Train_04_C2.prefab
  artifactKey: Guid(8ad34a59897e90140a94c4c92f5eeb06) Importer(815301076,1909f56bfc062723c751e8b465ee728b)
Start importing Assets/LowPolyFPS5/Prefabs/Trains/Train_04_C2.prefab using Guid(8ad34a59897e90140a94c4c92f5eeb06) Importer(815301076,1909f56bfc062723c751e8b465ee728b) (PreviewImporter) -> (artifact id: '4c1ef1e52cef16161d1376e4b144944c') in 0.0443165 seconds
Number of updated asset objects reloaded before import = 0Number of asset objects unloaded after import = 180

========================================================================
Received Import Request.
  Time since last request: 0.000038 seconds.
  path: Assets/LowPolyFPS5/Prefabs/Trains/Train_02_C1.prefab
  artifactKey: Guid(53790b325843fcc42ba317d672513c5d) Importer(815301076,1909f56bfc062723c751e8b465ee728b)
Start importing Assets/LowPolyFPS5/Prefabs/Trains/Train_02_C1.prefab using Guid(53790b325843fcc42ba317d672513c5d) Importer(815301076,1909f56bfc062723c751e8b465ee728b) (PreviewImporter) -> (artifact id: '6e54957200c53d2d4eecd0b512458445') in 0.0357728 seconds
Number of updated asset objects reloaded before import = 0Number of asset objects unloaded after import = 12

========================================================================
Received Import Request.
  Time since last request: 0.000033 seconds.
  path: Assets/LowPolyFPS5/Prefabs/Trains/Train_08_C2.prefab
  artifactKey: Guid(7f3b6ecf942c14741b60ef3b52dd4c16) Importer(815301076,1909f56bfc062723c751e8b465ee728b)
Start importing Assets/LowPolyFPS5/Prefabs/Trains/Train_08_C2.prefab using Guid(7f3b6ecf942c14741b60ef3b52dd4c16) Importer(815301076,1909f56bfc062723c751e8b465ee728b) (PreviewImporter) -> (artifact id: 'b6a0f8c5169dd3e914646a47dbaca5ed') in 0.0300102 seconds
Number of updated asset objects reloaded before import = 0Number of asset objects unloaded after import = 24

========================================================================
Received Import Request.
  Time since last request: 0.000045 seconds.
  path: Assets/LowPolyFPS5/Prefabs/Trains/Train_03_C2.prefab
  artifactKey: Guid(fa0d9bd4368411b4da49a4a4f8de3450) Importer(815301076,1909f56bfc062723c751e8b465ee728b)
Start importing Assets/LowPolyFPS5/Prefabs/Trains/Train_03_C2.prefab using Guid(fa0d9bd4368411b4da49a4a4f8de3450) Importer(815301076,1909f56bfc062723c751e8b465ee728b) (PreviewImporter) -> (artifact id: '931d8395bc7d2dc29d6aae07a9add5e0') in 0.0306233 seconds
Number of updated asset objects reloaded before import = 0Number of asset objects unloaded after import = 12

========================================================================
Received Import Request.
  Time since last request: 0.000034 seconds.
  path: Assets/LowPolyFPS5/Prefabs/Trains/Train_01_C2.prefab
  artifactKey: Guid(b4973b96d9103db468c24863d4889198) Importer(815301076,1909f56bfc062723c751e8b465ee728b)
Start importing Assets/LowPolyFPS5/Prefabs/Trains/Train_01_C2.prefab using Guid(b4973b96d9103db468c24863d4889198) Importer(815301076,1909f56bfc062723c751e8b465ee728b) (PreviewImporter) -> (artifact id: 'b1893d10d6079e830be42a71179bc2b1') in 0.0340853 seconds
Number of updated asset objects reloaded before import = 0Number of asset objects unloaded after import = 14

========================================================================
Received Import Request.
  Time since last request: 7.755793 seconds.
  path: Assets/LowPolyFPS2/Prefabs/Props/Bag_01.prefab
  artifactKey: Guid(61780d2bce311a54a80b2a0dc696056a) Importer(815301076,1909f56bfc062723c751e8b465ee728b)
Start importing Assets/LowPolyFPS2/Prefabs/Props/Bag_01.prefab using Guid(61780d2bce311a54a80b2a0dc696056a) Importer(815301076,1909f56bfc062723c751e8b465ee728b) (PreviewImporter) -> (artifact id: 'de3dfbbdae171180b962fd59d4fd9ab1') in 0.0445244 seconds
Number of updated asset objects reloaded before import = 0Number of asset objects unloaded after import = 10

========================================================================
Received Import Request.
  Time since last request: 0.000024 seconds.
  path: Assets/LowPolyFPS2/Prefabs/Props/Barrel_01.prefab
  artifactKey: Guid(ec7883a55ab79a648a79153fcdbbbd55) Importer(815301076,1909f56bfc062723c751e8b465ee728b)
Start importing Assets/LowPolyFPS2/Prefabs/Props/Barrel_01.prefab using Guid(ec7883a55ab79a648a79153fcdbbbd55) Importer(815301076,1909f56bfc062723c751e8b465ee728b) (PreviewImporter) -> (artifact id: '2ba30e04d26752575f36c1969f06fc5a') in 0.0277645 seconds
Number of updated asset objects reloaded before import = 0Number of asset objects unloaded after import = 10

========================================================================
Received Import Request.
  Time since last request: 0.000049 seconds.
  path: Assets/LowPolyFPS2/Prefabs/Props/Carpet_02.prefab
  artifactKey: Guid(0cd2b71f0b4d0bb488ac8208fbd0e8dc) Importer(815301076,1909f56bfc062723c751e8b465ee728b)
Start importing Assets/LowPolyFPS2/Prefabs/Props/Carpet_02.prefab using Guid(0cd2b71f0b4d0bb488ac8208fbd0e8dc) Importer(815301076,1909f56bfc062723c751e8b465ee728b) (PreviewImporter) -> (artifact id: '8aac7fb1a1048694719bc0b7724a8f61') in 0.0274107 seconds
Number of updated asset objects reloaded before import = 0Number of asset objects unloaded after import = 10

========================================================================
Received Import Request.
  Time since last request: 0.000035 seconds.
  path: Assets/LowPolyFPS2/Prefabs/Props/Desk_01.prefab
  artifactKey: Guid(1612c67c3ef0e4a4bba0207ae6c0e011) Importer(815301076,1909f56bfc062723c751e8b465ee728b)
Start importing Assets/LowPolyFPS2/Prefabs/Props/Desk_01.prefab using Guid(1612c67c3ef0e4a4bba0207ae6c0e011) Importer(815301076,1909f56bfc062723c751e8b465ee728b) (PreviewImporter) -> (artifact id: 'b5338dbff090fdde55b8992bbfcbc79e') in 0.0279967 seconds
Number of updated asset objects reloaded before import = 0Number of asset objects unloaded after import = 10

========================================================================
Received Import Request.
  Time since last request: 0.000031 seconds.
  path: Assets/LowPolyFPS2/Prefabs/Props/Food_04.prefab
  artifactKey: Guid(b0fb79fd5dc1bd24db9a655005525226) Importer(815301076,1909f56bfc062723c751e8b465ee728b)
Start importing Assets/LowPolyFPS2/Prefabs/Props/Food_04.prefab using Guid(b0fb79fd5dc1bd24db9a655005525226) Importer(815301076,1909f56bfc062723c751e8b465ee728b) (PreviewImporter) -> (artifact id: '932b5793302cdac58f4fad68e0448cca') in 0.0300668 seconds
Number of updated asset objects reloaded before import = 0Number of asset objects unloaded after import = 10

========================================================================
Received Import Request.
  Time since last request: 0.000031 seconds.
  path: Assets/LowPolyFPS2/Prefabs/Props/Food_07.prefab
  artifactKey: Guid(f8340610bc7ee744c8a2e7f748fde4c6) Importer(815301076,1909f56bfc062723c751e8b465ee728b)
Start importing Assets/LowPolyFPS2/Prefabs/Props/Food_07.prefab using Guid(f8340610bc7ee744c8a2e7f748fde4c6) Importer(815301076,1909f56bfc062723c751e8b465ee728b) (PreviewImporter) -> (artifact id: 'f38c192a654393a70f6e1d811e9c6753') in 0.0303463 seconds
Number of updated asset objects reloaded before import = 0Number of asset objects unloaded after import = 10

========================================================================
Received Import Request.
  Time since last request: 0.000031 seconds.
  path: Assets/LowPolyFPS2/Prefabs/Props/Furniture_03.prefab
  artifactKey: Guid(220f6e0b9137b6745a75ca928982fbb4) Importer(815301076,1909f56bfc062723c751e8b465ee728b)
Start importing Assets/LowPolyFPS2/Prefabs/Props/Furniture_03.prefab using Guid(220f6e0b9137b6745a75ca928982fbb4) Importer(815301076,1909f56bfc062723c751e8b465ee728b) (PreviewImporter) -> (artifact id: '329918809d5a07fd0e120048fd4f6967') in 0.0295432 seconds
Number of updated asset objects reloaded before import = 0Number of asset objects unloaded after import = 10

========================================================================
Received Import Request.
  Time since last request: 0.000039 seconds.
  path: Assets/LowPolyFPS2/Prefabs/Props/Furniture_01.prefab
  artifactKey: Guid(1d828e636a7f18a448c9620b7a04b334) Importer(815301076,1909f56bfc062723c751e8b465ee728b)
Start importing Assets/LowPolyFPS2/Prefabs/Props/Furniture_01.prefab using Guid(1d828e636a7f18a448c9620b7a04b334) Importer(815301076,1909f56bfc062723c751e8b465ee728b) (PreviewImporter) -> (artifact id: '6d135fcf8637a72d738c3675374a7c64') in 0.0276981 seconds
Number of updated asset objects reloaded before import = 0Number of asset objects unloaded after import = 10

========================================================================
Received Import Request.
  Time since last request: 0.000028 seconds.
  path: Assets/LowPolyFPS2/Prefabs/Props/Market_01.prefab
  artifactKey: Guid(f87c5854203e96d4eb9d756f0317d6e6) Importer(815301076,1909f56bfc062723c751e8b465ee728b)
Start importing Assets/LowPolyFPS2/Prefabs/Props/Market_01.prefab using Guid(f87c5854203e96d4eb9d756f0317d6e6) Importer(815301076,1909f56bfc062723c751e8b465ee728b) (PreviewImporter) -> (artifact id: '738e83ad158a2efda24566d2317dcb44') in 0.0288504 seconds
Number of updated asset objects reloaded before import = 0Number of asset objects unloaded after import = 10

========================================================================
Received Import Request.
  Time since last request: 0.000047 seconds.
  path: Assets/LowPolyFPS2/Prefabs/Props/Book_02.prefab
  artifactKey: Guid(cb31a8c38ba5a0e44968f1f0a583430b) Importer(815301076,1909f56bfc062723c751e8b465ee728b)
Start importing Assets/LowPolyFPS2/Prefabs/Props/Book_02.prefab using Guid(cb31a8c38ba5a0e44968f1f0a583430b) Importer(815301076,1909f56bfc062723c751e8b465ee728b) (PreviewImporter) -> (artifact id: '58a2e5e5baff7d4526d9db998286aa9a') in 0.0386182 seconds
Number of updated asset objects reloaded before import = 0Number of asset objects unloaded after import = 10

========================================================================
Received Import Request.
  Time since last request: 0.000034 seconds.
  path: Assets/LowPolyFPS2/Prefabs/Props/Carpet_01.prefab
  artifactKey: Guid(106751515ad2c9541bdb2ff355ef7370) Importer(815301076,1909f56bfc062723c751e8b465ee728b)
Start importing Assets/LowPolyFPS2/Prefabs/Props/Carpet_01.prefab using Guid(106751515ad2c9541bdb2ff355ef7370) Importer(815301076,1909f56bfc062723c751e8b465ee728b) (PreviewImporter) -> (artifact id: 'f2227b49f7092b76a183f9a764022f10') in 0.0417052 seconds
Number of updated asset objects reloaded before import = 0Number of asset objects unloaded after import = 10

========================================================================
Received Import Request.
  Time since last request: 0.000085 seconds.
  path: Assets/LowPolyFPS2/Prefabs/Props/Furniture_04.prefab
  artifactKey: Guid(e216deca82ae0384e86fd77a5df4f5bd) Importer(815301076,1909f56bfc062723c751e8b465ee728b)
Start importing Assets/LowPolyFPS2/Prefabs/Props/Furniture_04.prefab using Guid(e216deca82ae0384e86fd77a5df4f5bd) Importer(815301076,1909f56bfc062723c751e8b465ee728b) (PreviewImporter) -> (artifact id: '05fe24f1d9342d40f174459e70bda891') in 0.0339257 seconds
Number of updated asset objects reloaded before import = 0Number of asset objects unloaded after import = 10

========================================================================
Received Import Request.
  Time since last request: 0.000050 seconds.
  path: Assets/LowPolyFPS2/Prefabs/Nature/Hill_01.prefab
  artifactKey: Guid(331970338b636cc45a8159b56c75541c) Importer(815301076,1909f56bfc062723c751e8b465ee728b)
Start importing Assets/LowPolyFPS2/Prefabs/Nature/Hill_01.prefab using Guid(331970338b636cc45a8159b56c75541c) Importer(815301076,1909f56bfc062723c751e8b465ee728b) (PreviewImporter) -> (artifact id: 'a50ab5c81429cd25a7aaf51d919714c3') in 0.0345582 seconds
Number of updated asset objects reloaded before import = 0Number of asset objects unloaded after import = 10

========================================================================
Received Import Request.
  Time since last request: 0.000032 seconds.
  path: Assets/LowPolyFPS2/Prefabs/Props/Table_02.prefab
  artifactKey: Guid(bb4e6d70628d463449238838239a0f8c) Importer(815301076,1909f56bfc062723c751e8b465ee728b)
Start importing Assets/LowPolyFPS2/Prefabs/Props/Table_02.prefab using Guid(bb4e6d70628d463449238838239a0f8c) Importer(815301076,1909f56bfc062723c751e8b465ee728b) (PreviewImporter) -> (artifact id: 'ac11fd1f43625a8bc7c5c45cd40f4a12') in 0.0296691 seconds
Number of updated asset objects reloaded before import = 0Number of asset objects unloaded after import = 10

========================================================================
Received Import Request.
  Time since last request: 0.000036 seconds.
  path: Assets/LowPolyFPS2/Prefabs/Nature/Rock_02.prefab
  artifactKey: Guid(9339f58fa207d4c48b236e1aeda2384a) Importer(815301076,1909f56bfc062723c751e8b465ee728b)
Start importing Assets/LowPolyFPS2/Prefabs/Nature/Rock_02.prefab using Guid(9339f58fa207d4c48b236e1aeda2384a) Importer(815301076,1909f56bfc062723c751e8b465ee728b) (PreviewImporter) -> (artifact id: '546972358c13351aadf78c8853417899') in 0.0419171 seconds
Number of updated asset objects reloaded before import = 0Number of asset objects unloaded after import = 10

========================================================================
Received Import Request.
  Time since last request: 0.000043 seconds.
  path: Assets/LowPolyFPS2/Prefabs/Nature/Plant_05.prefab
  artifactKey: Guid(a40cdb2659603de4c9aadc19c1c1e415) Importer(815301076,1909f56bfc062723c751e8b465ee728b)
Start importing Assets/LowPolyFPS2/Prefabs/Nature/Plant_05.prefab using Guid(a40cdb2659603de4c9aadc19c1c1e415) Importer(815301076,1909f56bfc062723c751e8b465ee728b) (PreviewImporter) -> (artifact id: '41602132f59694da2d62d67d825fbb90') in 0.0443862 seconds
Number of updated asset objects reloaded before import = 0Number of asset objects unloaded after import = 10

========================================================================
Received Import Request.
  Time since last request: 0.000056 seconds.
  path: Assets/LowPolyFPS2/Prefabs/Props/Pallet_01.prefab
  artifactKey: Guid(9479d812d20b41448a21e8d90f9a056e) Importer(815301076,1909f56bfc062723c751e8b465ee728b)
Start importing Assets/LowPolyFPS2/Prefabs/Props/Pallet_01.prefab using Guid(9479d812d20b41448a21e8d90f9a056e) Importer(815301076,1909f56bfc062723c751e8b465ee728b) (PreviewImporter) -> (artifact id: '0bfd520590c484b7330aec77ccab6d5c') in 0.0503778 seconds
Number of updated asset objects reloaded before import = 0Number of asset objects unloaded after import = 10

========================================================================
Received Import Request.
  Time since last request: 0.000050 seconds.
  path: Assets/LowPolyFPS2/Prefabs/Props/PowerLines_02.prefab
  artifactKey: Guid(b5ed7f9450604dd46a16336bad936b49) Importer(815301076,1909f56bfc062723c751e8b465ee728b)
Start importing Assets/LowPolyFPS2/Prefabs/Props/PowerLines_02.prefab using Guid(b5ed7f9450604dd46a16336bad936b49) Importer(815301076,1909f56bfc062723c751e8b465ee728b) (PreviewImporter) -> (artifact id: '4aa4607cdd87fef022f47009152d7c06') in 0.0407198 seconds
Number of updated asset objects reloaded before import = 0Number of asset objects unloaded after import = 10

========================================================================
Received Import Request.
  Time since last request: 0.000046 seconds.
  path: Assets/LowPolyFPS2/Prefabs/Props/Book_01.prefab
  artifactKey: Guid(30e272738d96e594b97d01004507bf4e) Importer(815301076,1909f56bfc062723c751e8b465ee728b)
Start importing Assets/LowPolyFPS2/Prefabs/Props/Book_01.prefab using Guid(30e272738d96e594b97d01004507bf4e) Importer(815301076,1909f56bfc062723c751e8b465ee728b) (PreviewImporter) -> (artifact id: 'a3e7bfa3265c8ec58996798cb8f626c5') in 0.0439705 seconds
Number of updated asset objects reloaded before import = 0Number of asset objects unloaded after import = 10

========================================================================
Received Import Request.
  Time since last request: 0.000100 seconds.
  path: Assets/LowPolyFPS2/Prefabs/Nature/Rock_04.prefab
  artifactKey: Guid(967724177062e7f4cb8b5276aa11ed5d) Importer(815301076,1909f56bfc062723c751e8b465ee728b)
Start importing Assets/LowPolyFPS2/Prefabs/Nature/Rock_04.prefab using Guid(967724177062e7f4cb8b5276aa11ed5d) Importer(815301076,1909f56bfc062723c751e8b465ee728b) (PreviewImporter) -> (artifact id: '0244d638c994b89e372e26a666ee9b00') in 0.0401924 seconds
Number of updated asset objects reloaded before import = 0Number of asset objects unloaded after import = 10

========================================================================
Received Import Request.
  Time since last request: 0.000046 seconds.
  path: Assets/LowPolyFPS2/Prefabs/Nature/Mountain_01.prefab
  artifactKey: Guid(d62432688934b7640a781e398faf1a9b) Importer(815301076,1909f56bfc062723c751e8b465ee728b)
Start importing Assets/LowPolyFPS2/Prefabs/Nature/Mountain_01.prefab using Guid(d62432688934b7640a781e398faf1a9b) Importer(815301076,1909f56bfc062723c751e8b465ee728b) (PreviewImporter) -> (artifact id: 'f26cd6297a8773c6da0a8657678bde2e') in 0.0506786 seconds
Number of updated asset objects reloaded before import = 0Number of asset objects unloaded after import = 10

========================================================================
Received Import Request.
  Time since last request: 0.000044 seconds.
  path: Assets/LowPolyFPS2/Prefabs/Props/Furniture_06.prefab
  artifactKey: Guid(fe2be1e34df426142ba481b955fa0ec5) Importer(815301076,1909f56bfc062723c751e8b465ee728b)
Start importing Assets/LowPolyFPS2/Prefabs/Props/Furniture_06.prefab using Guid(fe2be1e34df426142ba481b955fa0ec5) Importer(815301076,1909f56bfc062723c751e8b465ee728b) (PreviewImporter) -> (artifact id: 'ee378ad45a4816b326e4b466abff9826') in 0.0397708 seconds
Number of updated asset objects reloaded before import = 0Number of asset objects unloaded after import = 10

========================================================================
Received Import Request.
  Time since last request: 0.000048 seconds.
  path: Assets/LowPolyFPS2/Prefabs/Nature/PalmTree_02.prefab
  artifactKey: Guid(424130a0e350692408a387ade1580f58) Importer(815301076,1909f56bfc062723c751e8b465ee728b)
Start importing Assets/LowPolyFPS2/Prefabs/Nature/PalmTree_02.prefab using Guid(424130a0e350692408a387ade1580f58) Importer(815301076,1909f56bfc062723c751e8b465ee728b) (PreviewImporter) -> (artifact id: 'bc0933618f55d6f0d858b3b159fe1ab0') in 0.0485896 seconds
Number of updated asset objects reloaded before import = 0Number of asset objects unloaded after import = 25

========================================================================
Received Import Request.
  Time since last request: 0.000112 seconds.
  path: Assets/LowPolyFPS2/Prefabs/Props/Desk_02.prefab
  artifactKey: Guid(b087d6066f042c64881f69529896d03e) Importer(815301076,1909f56bfc062723c751e8b465ee728b)
Start importing Assets/LowPolyFPS2/Prefabs/Props/Desk_02.prefab using Guid(b087d6066f042c64881f69529896d03e) Importer(815301076,1909f56bfc062723c751e8b465ee728b) (PreviewImporter) -> (artifact id: 'a2887cec11cc3bbde052e8752e2a59af') in 0.0396437 seconds
Number of updated asset objects reloaded before import = 0Number of asset objects unloaded after import = 10

========================================================================
Received Import Request.
  Time since last request: 0.000075 seconds.
  path: Assets/LowPolyFPS2/Prefabs/Props/Market_02.prefab
  artifactKey: Guid(ef5687b9422bcbc42968f76dc1b144b0) Importer(815301076,1909f56bfc062723c751e8b465ee728b)
Start importing Assets/LowPolyFPS2/Prefabs/Props/Market_02.prefab using Guid(ef5687b9422bcbc42968f76dc1b144b0) Importer(815301076,1909f56bfc062723c751e8b465ee728b) (PreviewImporter) -> (artifact id: '443720e8b1c09a985368deb799637c4f') in 0.0420008 seconds
Number of updated asset objects reloaded before import = 0Number of asset objects unloaded after import = 10

========================================================================
Received Import Request.
  Time since last request: 0.000038 seconds.
  path: Assets/LowPolyFPS2/Prefabs/Props/Food_03.prefab
  artifactKey: Guid(47d83e19b1b18d8419c5d4f43daab94a) Importer(815301076,1909f56bfc062723c751e8b465ee728b)
Start importing Assets/LowPolyFPS2/Prefabs/Props/Food_03.prefab using Guid(47d83e19b1b18d8419c5d4f43daab94a) Importer(815301076,1909f56bfc062723c751e8b465ee728b) (PreviewImporter) -> (artifact id: 'd6d1bfc668a34c0c0d8f0ab9d7df503b') in 0.0444895 seconds
Number of updated asset objects reloaded before import = 0Number of asset objects unloaded after import = 10

========================================================================
Received Import Request.
  Time since last request: 0.000033 seconds.
  path: Assets/LowPolyFPS2/Prefabs/Props/Dryer_01.prefab
  artifactKey: Guid(f8b4076b979c8214784b97a7d246f3d5) Importer(815301076,1909f56bfc062723c751e8b465ee728b)
Start importing Assets/LowPolyFPS2/Prefabs/Props/Dryer_01.prefab using Guid(f8b4076b979c8214784b97a7d246f3d5) Importer(815301076,1909f56bfc062723c751e8b465ee728b) (PreviewImporter) -> (artifact id: 'b05454133916b9fa40c4a5d06e55dbfa') in 0.0368789 seconds
Number of updated asset objects reloaded before import = 0Number of asset objects unloaded after import = 10

========================================================================
Received Import Request.
  Time since last request: 156.226811 seconds.
  path: Assets/Bananadev MFPS Pack v2/Scenes/DesertMap.unity
  artifactKey: Guid(460f998152ec06446a4e6ad0ffedcf4e) Importer(815301076,1909f56bfc062723c751e8b465ee728b)
Start importing Assets/Bananadev MFPS Pack v2/Scenes/DesertMap.unity using Guid(460f998152ec06446a4e6ad0ffedcf4e) Importer(815301076,1909f56bfc062723c751e8b465ee728b) (PreviewImporter) -> (artifact id: '086662ff4f99be54d2ff51358c70f97a') in 0.0025171 seconds
Number of updated asset objects reloaded before import = 0Number of asset objects unloaded after import = 0

========================================================================
Received Import Request.
  Time since last request: 48.606280 seconds.
  path: Assets/Settings/UniversalRenderPipelineGlobalSettings.asset
  artifactKey: Guid(18dc0cd2c080841dea60987a38ce93fa) Importer(815301076,1909f56bfc062723c751e8b465ee728b)
Start importing Assets/Settings/UniversalRenderPipelineGlobalSettings.asset using Guid(18dc0cd2c080841dea60987a38ce93fa) Importer(815301076,1909f56bfc062723c751e8b465ee728b) (PreviewImporter) -> (artifact id: '7feb1cc3e85d201ef8ad2a2626099d1f') in 0.0014231 seconds
Number of updated asset objects reloaded before import = 0Number of asset objects unloaded after import = 0

========================================================================
Received Import Request.
  Time since last request: 23.772210 seconds.
  path: Assets/LowPolyFPS2/Prefabs/Props/Tile_04.prefab
  artifactKey: Guid(6b43af181d393f74a96ccf9b2fc358a9) Importer(815301076,1909f56bfc062723c751e8b465ee728b)
Start importing Assets/LowPolyFPS2/Prefabs/Props/Tile_04.prefab using Guid(6b43af181d393f74a96ccf9b2fc358a9) Importer(815301076,1909f56bfc062723c751e8b465ee728b) (PreviewImporter) -> (artifact id: '5bb7549a8fc8c2df563eb04d2ca4bdb0') in 0.0475867 seconds
Number of updated asset objects reloaded before import = 0Number of asset objects unloaded after import = 10

========================================================================
Received Import Request.
  Time since last request: 2060.896924 seconds.
  path: Assets/LowPolyFPS2/Prefabs/Buildings/Door_01.prefab
  artifactKey: Guid(5cf19d5ce5e28124390218b1f283536a) Importer(815301076,1909f56bfc062723c751e8b465ee728b)
Start importing Assets/LowPolyFPS2/Prefabs/Buildings/Door_01.prefab using Guid(5cf19d5ce5e28124390218b1f283536a) Importer(815301076,1909f56bfc062723c751e8b465ee728b) (PreviewImporter) -> (artifact id: '5792911a91f3f6977cd8af4b09d9b61b') in 0.0294215 seconds
Number of updated asset objects reloaded before import = 0Number of asset objects unloaded after import = 10

========================================================================
Received Import Request.
  Time since last request: 0.000070 seconds.
  path: Assets/LowPolyFPS2/Prefabs/Buildings/Fence_02.prefab
  artifactKey: Guid(dc2f9aa1990e6254099e1282d251421b) Importer(815301076,1909f56bfc062723c751e8b465ee728b)
Start importing Assets/LowPolyFPS2/Prefabs/Buildings/Fence_02.prefab using Guid(dc2f9aa1990e6254099e1282d251421b) Importer(815301076,1909f56bfc062723c751e8b465ee728b) (PreviewImporter) -> (artifact id: '11d8582d1231efbffc8c436ef4a67b63') in 0.0257936 seconds
Number of updated asset objects reloaded before import = 0Number of asset objects unloaded after import = 10

========================================================================
Received Import Request.
  Time since last request: 0.000037 seconds.
  path: Assets/LowPolyFPS2/Prefabs/Buildings/House_04L.prefab
  artifactKey: Guid(443014d19ece8de48aef235d264d3910) Importer(815301076,1909f56bfc062723c751e8b465ee728b)
Start importing Assets/LowPolyFPS2/Prefabs/Buildings/House_04L.prefab using Guid(443014d19ece8de48aef235d264d3910) Importer(815301076,1909f56bfc062723c751e8b465ee728b) (PreviewImporter) -> (artifact id: '5ab569fcd9a68a4c656f558d828213d6') in 0.0236562 seconds
Number of updated asset objects reloaded before import = 0Number of asset objects unloaded after import = 54

========================================================================
Received Import Request.
  Time since last request: 0.000043 seconds.
  path: Assets/LowPolyFPS2/Prefabs/Buildings/House_06L.prefab
  artifactKey: Guid(1346e75c9355e5945a1a321fd8e8ca58) Importer(815301076,1909f56bfc062723c751e8b465ee728b)
Start importing Assets/LowPolyFPS2/Prefabs/Buildings/House_06L.prefab using Guid(1346e75c9355e5945a1a321fd8e8ca58) Importer(815301076,1909f56bfc062723c751e8b465ee728b) (PreviewImporter) -> (artifact id: 'd54c203cd8defbae2e64ecf5667d7c85') in 0.0193374 seconds
Number of updated asset objects reloaded before import = 0Number of asset objects unloaded after import = 10

========================================================================
Received Import Request.
  Time since last request: 0.000041 seconds.
  path: Assets/LowPolyFPS2/Prefabs/Buildings/Tent_01.prefab
  artifactKey: Guid(f153898209c052946a5bcbac37633036) Importer(815301076,1909f56bfc062723c751e8b465ee728b)
Start importing Assets/LowPolyFPS2/Prefabs/Buildings/Tent_01.prefab using Guid(f153898209c052946a5bcbac37633036) Importer(815301076,1909f56bfc062723c751e8b465ee728b) (PreviewImporter) -> (artifact id: '2e1b6257a1fc92b2d15b2a19f47b36b7') in 0.0284478 seconds
Number of updated asset objects reloaded before import = 0Number of asset objects unloaded after import = 10

========================================================================
Received Import Request.
  Time since last request: 0.000067 seconds.
  path: Assets/LowPolyFPS2/Prefabs/Buildings/House_02.prefab
  artifactKey: Guid(73133505f1467974ab1ab8c964c596ec) Importer(815301076,1909f56bfc062723c751e8b465ee728b)
Start importing Assets/LowPolyFPS2/Prefabs/Buildings/House_02.prefab using Guid(73133505f1467974ab1ab8c964c596ec) Importer(815301076,1909f56bfc062723c751e8b465ee728b) (PreviewImporter) -> (artifact id: '36d8adc787636ae19374e2633b78a02a') in 0.0395069 seconds
Number of updated asset objects reloaded before import = 0Number of asset objects unloaded after import = 67

========================================================================
Received Import Request.
  Time since last request: 0.000049 seconds.
  path: Assets/LowPolyFPS2/Prefabs/Buildings/Wall_02.prefab
  artifactKey: Guid(e368316b2c8e45746971a73c8cfd280f) Importer(815301076,1909f56bfc062723c751e8b465ee728b)
Start importing Assets/LowPolyFPS2/Prefabs/Buildings/Wall_02.prefab using Guid(e368316b2c8e45746971a73c8cfd280f) Importer(815301076,1909f56bfc062723c751e8b465ee728b) (PreviewImporter) -> (artifact id: '2c038bfb969a4b8babc8ba46ed9fe93b') in 0.0259345 seconds
Number of updated asset objects reloaded before import = 0Number of asset objects unloaded after import = 10

========================================================================
Received Import Request.
  Time since last request: 0.000050 seconds.
  path: Assets/LowPolyFPS2/Prefabs/Buildings/House_04R.prefab
  artifactKey: Guid(76bfadf8d33acb54092e0b7ba6c991d0) Importer(815301076,1909f56bfc062723c751e8b465ee728b)
Start importing Assets/LowPolyFPS2/Prefabs/Buildings/House_04R.prefab using Guid(76bfadf8d33acb54092e0b7ba6c991d0) Importer(815301076,1909f56bfc062723c751e8b465ee728b) (PreviewImporter) -> (artifact id: '8190bffd47f26c2f327770bd1f0b7d4b') in 0.0341234 seconds
Number of updated asset objects reloaded before import = 0Number of asset objects unloaded after import = 54

========================================================================
Received Import Request.
  Time since last request: 0.000095 seconds.
  path: Assets/LowPolyFPS2/Prefabs/Buildings/Tent_03.prefab
  artifactKey: Guid(092af6555112d314fb0722c29b60c806) Importer(815301076,1909f56bfc062723c751e8b465ee728b)
Start importing Assets/LowPolyFPS2/Prefabs/Buildings/Tent_03.prefab using Guid(092af6555112d314fb0722c29b60c806) Importer(815301076,1909f56bfc062723c751e8b465ee728b) (PreviewImporter) -> (artifact id: 'faa2971624706dc558ba687211c2b1e0') in 0.0248088 seconds
Number of updated asset objects reloaded before import = 0Number of asset objects unloaded after import = 10

========================================================================
Received Import Request.
  Time since last request: 0.000038 seconds.
  path: Assets/LowPolyFPS2/Prefabs/Buildings/Wall_04.prefab
  artifactKey: Guid(212f85b9d45bbe14fb27af23092bdd38) Importer(815301076,1909f56bfc062723c751e8b465ee728b)
Start importing Assets/LowPolyFPS2/Prefabs/Buildings/Wall_04.prefab using Guid(212f85b9d45bbe14fb27af23092bdd38) Importer(815301076,1909f56bfc062723c751e8b465ee728b) (PreviewImporter) -> (artifact id: '284f89fa996572f40b467be506edb11f') in 0.0303391 seconds
Number of updated asset objects reloaded before import = 0Number of asset objects unloaded after import = 10

========================================================================
Received Import Request.
  Time since last request: 0.000033 seconds.
  path: Assets/LowPolyFPS2/Prefabs/Buildings/Wall_01.prefab
  artifactKey: Guid(2c94cf8e403c18e4db7392053ec7e1b8) Importer(815301076,1909f56bfc062723c751e8b465ee728b)
Start importing Assets/LowPolyFPS2/Prefabs/Buildings/Wall_01.prefab using Guid(2c94cf8e403c18e4db7392053ec7e1b8) Importer(815301076,1909f56bfc062723c751e8b465ee728b) (PreviewImporter) -> (artifact id: '402072643b64c3b77a570e5ca271ef30') in 0.0353078 seconds
Number of updated asset objects reloaded before import = 0Number of asset objects unloaded after import = 10

========================================================================
Received Import Request.
  Time since last request: 0.000100 seconds.
  path: Assets/LowPolyFPS2/Prefabs/Buildings/Fence_03.prefab
  artifactKey: Guid(e39aec687a117e643833dce52bbbe5be) Importer(815301076,1909f56bfc062723c751e8b465ee728b)
Start importing Assets/LowPolyFPS2/Prefabs/Buildings/Fence_03.prefab using Guid(e39aec687a117e643833dce52bbbe5be) Importer(815301076,1909f56bfc062723c751e8b465ee728b) (PreviewImporter) -> (artifact id: '188083d56e035a2843a5758cbe34e35c') in 0.0270078 seconds
Number of updated asset objects reloaded before import = 0Number of asset objects unloaded after import = 10

========================================================================
Received Import Request.
  Time since last request: 0.000031 seconds.
  path: Assets/LowPolyFPS2/Prefabs/Buildings/House_03.prefab
  artifactKey: Guid(b871d045ba6fdd045930749416a5b0e8) Importer(815301076,1909f56bfc062723c751e8b465ee728b)
Start importing Assets/LowPolyFPS2/Prefabs/Buildings/House_03.prefab using Guid(b871d045ba6fdd045930749416a5b0e8) Importer(815301076,1909f56bfc062723c751e8b465ee728b) (PreviewImporter) -> (artifact id: '7965042cf7f01a847654ccbd52fbad2e') in 0.0309999 seconds
Number of updated asset objects reloaded before import = 0Number of asset objects unloaded after import = 67

========================================================================
Received Import Request.
  Time since last request: 1.203049 seconds.
  path: Assets/LowPolyFPS2/Prefabs/FX/FX_FPS2_Fountain_01.prefab
  artifactKey: Guid(be48dcfe8fefd764980d81daf5f199ad) Importer(815301076,1909f56bfc062723c751e8b465ee728b)
Start importing Assets/LowPolyFPS2/Prefabs/FX/FX_FPS2_Fountain_01.prefab using Guid(be48dcfe8fefd764980d81daf5f199ad) Importer(815301076,1909f56bfc062723c751e8b465ee728b) (PreviewImporter) -> (artifact id: 'f5516b2e780bcbcc1dd1e2cab5ff486e') in 0.025931 seconds
Number of updated asset objects reloaded before import = 0Number of asset objects unloaded after import = 6

